<?xml version="1.0" encoding="UTF-8"?>
<testsuite name="FootballMatchReportsTest" tests="10" skipped="0" failures="10" errors="0" timestamp="2025-11-01T06:21:34" hostname="KENDRICK-ACER" time="0.035">
  <properties/>
  <testcase name="The onField method returns 'invalid' for invalid shirt number" classname="FootballMatchReportsTest" time="0.019">
    <failure message="java.lang.UnsupportedOperationException: Please implement the (static) FootballMatchReports.onField() method" type="java.lang.UnsupportedOperationException">java.lang.UnsupportedOperationException: Please implement the (static) FootballMatchReports.onField() method
	at FootballMatchReports.onField(FootballMatchReports.java:3)
	at FootballMatchReportsTest.testException(FootballMatchReportsTest.java:72)
	at java.base/java.lang.reflect.Method.invoke(Method.java:580)
	at java.base/java.util.ArrayList.forEach(ArrayList.java:1596)
	at java.base/java.util.ArrayList.forEach(ArrayList.java:1596)
</failure>
  </testcase>
  <testcase name="The onField method returns the correct description of player with shirt number 2" classname="FootballMatchReportsTest" time="0.001">
    <failure message="java.lang.UnsupportedOperationException: Please implement the (static) FootballMatchReports.onField() method" type="java.lang.UnsupportedOperationException">java.lang.UnsupportedOperationException: Please implement the (static) FootballMatchReports.onField() method
	at FootballMatchReports.onField(FootballMatchReports.java:3)
	at FootballMatchReportsTest.testLeftBack(FootballMatchReportsTest.java:20)
	at java.base/java.lang.reflect.Method.invoke(Method.java:580)
	at java.base/java.util.ArrayList.forEach(ArrayList.java:1596)
	at java.base/java.util.ArrayList.forEach(ArrayList.java:1596)
</failure>
  </testcase>
  <testcase name="The onField method returns the correct description of player with shirt number 9" classname="FootballMatchReportsTest" time="0.001">
    <failure message="java.lang.UnsupportedOperationException: Please implement the (static) FootballMatchReports.onField() method" type="java.lang.UnsupportedOperationException">java.lang.UnsupportedOperationException: Please implement the (static) FootballMatchReports.onField() method
	at FootballMatchReports.onField(FootballMatchReports.java:3)
	at FootballMatchReportsTest.testLeftWing(FootballMatchReportsTest.java:51)
	at java.base/java.lang.reflect.Method.invoke(Method.java:580)
	at java.base/java.util.ArrayList.forEach(ArrayList.java:1596)
	at java.base/java.util.ArrayList.forEach(ArrayList.java:1596)
</failure>
  </testcase>
  <testcase name="The onField method returns the correct description of player with shirt number 1" classname="FootballMatchReportsTest" time="0.001">
    <failure message="java.lang.UnsupportedOperationException: Please implement the (static) FootballMatchReports.onField() method" type="java.lang.UnsupportedOperationException">java.lang.UnsupportedOperationException: Please implement the (static) FootballMatchReports.onField() method
	at FootballMatchReports.onField(FootballMatchReports.java:3)
	at FootballMatchReportsTest.testGoal(FootballMatchReportsTest.java:13)
	at java.base/java.lang.reflect.Method.invoke(Method.java:580)
	at java.base/java.util.ArrayList.forEach(ArrayList.java:1596)
	at java.base/java.util.ArrayList.forEach(ArrayList.java:1596)
</failure>
  </testcase>
  <testcase name="The onField method returns the correct description of player with shirt number 5" classname="FootballMatchReportsTest" time="0.001">
    <failure message="java.lang.UnsupportedOperationException: Please implement the (static) FootballMatchReports.onField() method" type="java.lang.UnsupportedOperationException">java.lang.UnsupportedOperationException: Please implement the (static) FootballMatchReports.onField() method
	at FootballMatchReports.onField(FootballMatchReports.java:3)
	at FootballMatchReportsTest.testRightBack(FootballMatchReportsTest.java:27)
	at java.base/java.lang.reflect.Method.invoke(Method.java:580)
	at java.base/java.util.ArrayList.forEach(ArrayList.java:1596)
	at java.base/java.util.ArrayList.forEach(ArrayList.java:1596)
</failure>
  </testcase>
  <testcase name="The onField method returns the correct description of player with shirt number 11" classname="FootballMatchReportsTest" time="0.0">
    <failure message="java.lang.UnsupportedOperationException: Please implement the (static) FootballMatchReports.onField() method" type="java.lang.UnsupportedOperationException">java.lang.UnsupportedOperationException: Please implement the (static) FootballMatchReports.onField() method
	at FootballMatchReports.onField(FootballMatchReports.java:3)
	at FootballMatchReportsTest.testRightWing(FootballMatchReportsTest.java:65)
	at java.base/java.lang.reflect.Method.invoke(Method.java:580)
	at java.base/java.util.ArrayList.forEach(ArrayList.java:1596)
	at java.base/java.util.ArrayList.forEach(ArrayList.java:1596)
</failure>
  </testcase>
  <testcase name="The onField method returns the correct description of players with shirt numbers 6, 7 and 8" classname="FootballMatchReportsTest" time="0.001">
    <failure message="java.lang.UnsupportedOperationException: Please implement the (static) FootballMatchReports.onField() method" type="java.lang.UnsupportedOperationException">java.lang.UnsupportedOperationException: Please implement the (static) FootballMatchReports.onField() method
	at FootballMatchReports.onField(FootballMatchReports.java:3)
	at FootballMatchReportsTest.testMidfielder(FootballMatchReportsTest.java:42)
	at java.base/java.lang.reflect.Method.invoke(Method.java:580)
	at java.base/java.util.ArrayList.forEach(ArrayList.java:1596)
	at java.base/java.util.ArrayList.forEach(ArrayList.java:1596)
</failure>
  </testcase>
  <testcase name="The onField method returns the correct description of players with shirt numbers 3 and 4" classname="FootballMatchReportsTest" time="0.001">
    <failure message="java.lang.UnsupportedOperationException: Please implement the (static) FootballMatchReports.onField() method" type="java.lang.UnsupportedOperationException">java.lang.UnsupportedOperationException: Please implement the (static) FootballMatchReports.onField() method
	at FootballMatchReports.onField(FootballMatchReports.java:3)
	at FootballMatchReportsTest.testCenterBack(FootballMatchReportsTest.java:34)
	at java.base/java.lang.reflect.Method.invoke(Method.java:580)
	at java.base/java.util.ArrayList.forEach(ArrayList.java:1596)
	at java.base/java.util.ArrayList.forEach(ArrayList.java:1596)
</failure>
  </testcase>
  <testcase name="The onField method returns 'invalid' for negative shirt number" classname="FootballMatchReportsTest" time="0.001">
    <failure message="java.lang.UnsupportedOperationException: Please implement the (static) FootballMatchReports.onField() method" type="java.lang.UnsupportedOperationException">java.lang.UnsupportedOperationException: Please implement the (static) FootballMatchReports.onField() method
	at FootballMatchReports.onField(FootballMatchReports.java:3)
	at FootballMatchReportsTest.testExceptionNegativeNumber(FootballMatchReportsTest.java:79)
	at java.base/java.lang.reflect.Method.invoke(Method.java:580)
	at java.base/java.util.ArrayList.forEach(ArrayList.java:1596)
	at java.base/java.util.ArrayList.forEach(ArrayList.java:1596)
</failure>
  </testcase>
  <testcase name="The onField method returns the correct description of player with shirt number 10" classname="FootballMatchReportsTest" time="0.001">
    <failure message="java.lang.UnsupportedOperationException: Please implement the (static) FootballMatchReports.onField() method" type="java.lang.UnsupportedOperationException">java.lang.UnsupportedOperationException: Please implement the (static) FootballMatchReports.onField() method
	at FootballMatchReports.onField(FootballMatchReports.java:3)
	at FootballMatchReportsTest.testStriker(FootballMatchReportsTest.java:58)
	at java.base/java.lang.reflect.Method.invoke(Method.java:580)
	at java.base/java.util.ArrayList.forEach(ArrayList.java:1596)
	at java.base/java.util.ArrayList.forEach(ArrayList.java:1596)
</failure>
  </testcase>
  <system-out><![CDATA[]]></system-out>
  <system-err><![CDATA[]]></system-err>
</testsuite>
