<?xml version="1.0" encoding="UTF-8"?>
<testsuite name="RelativeDistanceTest" tests="7" skipped="6" failures="1" errors="0" timestamp="2026-01-22T05:08:35.182Z" hostname="Gooners-MacBook-Pro.local" time="0.012">
  <properties/>
  <testcase name="Sibling relationship" classname="RelativeDistanceTest" time="0.0">
    <skipped/>
  </testcase>
  <testcase name="Direct parent-child relation" classname="RelativeDistanceTest" time="0.009">
    <failure message="java.lang.UnsupportedOperationException: Delete this statement and write your own implementation." type="java.lang.UnsupportedOperationException">java.lang.UnsupportedOperationException: Delete this statement and write your own implementation.
	at RelativeDistance.&lt;init&gt;(RelativeDistance.java:7)
	at RelativeDistanceTest.testDirectParentChildRelation(RelativeDistanceTest.java:25)
	at java.base/java.lang.reflect.Method.invoke(Method.java:580)
	at java.base/java.util.ArrayList.forEach(ArrayList.java:1596)
	at java.base/java.util.ArrayList.forEach(ArrayList.java:1596)
</failure>
  </testcase>
  <testcase name="Complex graph, cousins" classname="RelativeDistanceTest" time="0.0">
    <skipped/>
  </testcase>
  <testcase name="Unrelated individuals" classname="RelativeDistanceTest" time="0.0">
    <skipped/>
  </testcase>
  <testcase name="Two degrees of separation, grandchild" classname="RelativeDistanceTest" time="0.0">
    <skipped/>
  </testcase>
  <testcase name="Complex graph, no shortcut, far removed nephew" classname="RelativeDistanceTest" time="0.001">
    <skipped/>
  </testcase>
  <testcase name="Complex graph, some shortcuts, cross-down and cross-up, cousins several times removed, with unrelated family tree" classname="RelativeDistanceTest" time="0.0">
    <skipped/>
  </testcase>
  <system-out><![CDATA[]]></system-out>
  <system-err><![CDATA[]]></system-err>
</testsuite>
