<?xml version="1.0" encoding="UTF-8"?>
<testsuite name="BirdWatcherTest" tests="10" skipped="0" failures="9" errors="0" timestamp="2025-10-29T00:04:44" hostname="KENDRICK-ACER" time="0.093">
  <properties/>
  <testcase name="The getBusyDays method correctly returns zero in case of no busy days" classname="BirdWatcherTest" time="0.019">
    <failure message="java.lang.UnsupportedOperationException: Please implement the BirdWatcher.getBusyDays() method" type="java.lang.UnsupportedOperationException">java.lang.UnsupportedOperationException: Please implement the BirdWatcher.getBusyDays() method
	at BirdWatcher.getBusyDays(BirdWatcher.java:30)
	at BirdWatcherTest.itShouldNotHaveBusyDays(BirdWatcherTest.java:100)
	at java.base/java.lang.reflect.Method.invoke(Method.java:580)
	at java.base/java.util.ArrayList.forEach(ArrayList.java:1596)
	at java.base/java.util.ArrayList.forEach(ArrayList.java:1596)
</failure>
  </testcase>
  <testcase name="The hasDayWithoutBirds method returns false when no day had zero visits" classname="BirdWatcherTest" time="0.002">
    <failure message="java.lang.UnsupportedOperationException: Please implement the BirdWatcher.hasDayWithoutBirds() method" type="java.lang.UnsupportedOperationException">java.lang.UnsupportedOperationException: Please implement the BirdWatcher.hasDayWithoutBirds() method
	at BirdWatcher.hasDayWithoutBirds(BirdWatcher.java:22)
	at BirdWatcherTest.itShouldNotHaveDaysWithoutBirds(BirdWatcherTest.java:61)
	at java.base/java.lang.reflect.Method.invoke(Method.java:580)
	at java.base/java.util.ArrayList.forEach(ArrayList.java:1596)
	at java.base/java.util.ArrayList.forEach(ArrayList.java:1596)
</failure>
  </testcase>
  <testcase name="The getLastWeek method correctly returns last week's counts" classname="BirdWatcherTest" time="0.053"/>
  <testcase name="The hasDayWithoutBirds method returns true when day had no visits" classname="BirdWatcherTest" time="0.002">
    <failure message="java.lang.UnsupportedOperationException: Please implement the BirdWatcher.hasDayWithoutBirds() method" type="java.lang.UnsupportedOperationException">java.lang.UnsupportedOperationException: Please implement the BirdWatcher.hasDayWithoutBirds() method
	at BirdWatcher.hasDayWithoutBirds(BirdWatcher.java:22)
	at BirdWatcherTest.itHasDayWithoutBirds(BirdWatcherTest.java:53)
	at java.base/java.lang.reflect.Method.invoke(Method.java:580)
	at java.base/java.util.ArrayList.forEach(ArrayList.java:1596)
	at java.base/java.util.ArrayList.forEach(ArrayList.java:1596)
</failure>
  </testcase>
  <testcase name="The getBusyDays method returns the correct count of busy days" classname="BirdWatcherTest" time="0.001">
    <failure message="java.lang.UnsupportedOperationException: Please implement the BirdWatcher.getBusyDays() method" type="java.lang.UnsupportedOperationException">java.lang.UnsupportedOperationException: Please implement the BirdWatcher.getBusyDays() method
	at BirdWatcher.getBusyDays(BirdWatcher.java:30)
	at BirdWatcherTest.itTestGetCountForBusyDays(BirdWatcherTest.java:92)
	at java.base/java.lang.reflect.Method.invoke(Method.java:580)
	at java.base/java.util.ArrayList.forEach(ArrayList.java:1596)
	at java.base/java.util.ArrayList.forEach(ArrayList.java:1596)
</failure>
  </testcase>
  <testcase name="The getCountForFirstDays method returns correct visits' count for given number of days" classname="BirdWatcherTest" time="0.001">
    <failure message="java.lang.UnsupportedOperationException: Please implement the BirdWatcher.getCountForFirstDays() method" type="java.lang.UnsupportedOperationException">java.lang.UnsupportedOperationException: Please implement the BirdWatcher.getCountForFirstDays() method
	at BirdWatcher.getCountForFirstDays(BirdWatcher.java:26)
	at BirdWatcherTest.itTestGetCountForFirstDays(BirdWatcherTest.java:76)
	at java.base/java.lang.reflect.Method.invoke(Method.java:580)
	at java.base/java.util.ArrayList.forEach(ArrayList.java:1596)
	at java.base/java.util.ArrayList.forEach(ArrayList.java:1596)
</failure>
  </testcase>
  <testcase name="The getToday method correctly returns today's counts" classname="BirdWatcherTest" time="0.002">
    <failure message="java.lang.UnsupportedOperationException: Please implement the BirdWatcher.getToday() method" type="java.lang.UnsupportedOperationException">java.lang.UnsupportedOperationException: Please implement the BirdWatcher.getToday() method
	at BirdWatcher.getToday(BirdWatcher.java:14)
	at BirdWatcherTest.itTestGetToday(BirdWatcherTest.java:38)
	at java.base/java.lang.reflect.Method.invoke(Method.java:580)
	at java.base/java.util.ArrayList.forEach(ArrayList.java:1596)
	at java.base/java.util.ArrayList.forEach(ArrayList.java:1596)
</failure>
  </testcase>
  <testcase name="The incrementTodaysCount method correctly increments today's counts" classname="BirdWatcherTest" time="0.001">
    <failure message="java.lang.UnsupportedOperationException: Please implement the BirdWatcher.incrementTodaysCount() method" type="java.lang.UnsupportedOperationException">java.lang.UnsupportedOperationException: Please implement the BirdWatcher.incrementTodaysCount() method
	at BirdWatcher.incrementTodaysCount(BirdWatcher.java:18)
	at BirdWatcherTest.itIncrementTodaysCount(BirdWatcherTest.java:45)
	at java.base/java.lang.reflect.Method.invoke(Method.java:580)
	at java.base/java.util.ArrayList.forEach(ArrayList.java:1596)
	at java.base/java.util.ArrayList.forEach(ArrayList.java:1596)
</failure>
  </testcase>
  <testcase name="The hasDayWithoutBirds method returns true if the last day has zero visits" classname="BirdWatcherTest" time="0.002">
    <failure message="java.lang.UnsupportedOperationException: Please implement the BirdWatcher.hasDayWithoutBirds() method" type="java.lang.UnsupportedOperationException">java.lang.UnsupportedOperationException: Please implement the BirdWatcher.hasDayWithoutBirds() method
	at BirdWatcher.hasDayWithoutBirds(BirdWatcher.java:22)
	at BirdWatcherTest.itHasLastDayWithoutBirds(BirdWatcherTest.java:69)
	at java.base/java.lang.reflect.Method.invoke(Method.java:580)
	at java.base/java.util.ArrayList.forEach(ArrayList.java:1596)
	at java.base/java.util.ArrayList.forEach(ArrayList.java:1596)
</failure>
  </testcase>
  <testcase name="The getCountForFirstDays method returns overall count when number of days is higher than array size" classname="BirdWatcherTest" time="0.001">
    <failure message="java.lang.UnsupportedOperationException: Please implement the BirdWatcher.getCountForFirstDays() method" type="java.lang.UnsupportedOperationException">java.lang.UnsupportedOperationException: Please implement the BirdWatcher.getCountForFirstDays() method
	at BirdWatcher.getCountForFirstDays(BirdWatcher.java:26)
	at BirdWatcherTest.itTestGetCountForMoreDaysThanTheArraySize(BirdWatcherTest.java:83)
	at java.base/java.lang.reflect.Method.invoke(Method.java:580)
	at java.base/java.util.ArrayList.forEach(ArrayList.java:1596)
	at java.base/java.util.ArrayList.forEach(ArrayList.java:1596)
</failure>
  </testcase>
  <system-out><![CDATA[]]></system-out>
  <system-err><![CDATA[]]></system-err>
</testsuite>
