<?xml version="1.0" encoding="UTF-8"?>
<testsuite name="TwoferTest" tests="3" skipped="0" failures="0" errors="0" timestamp="2026-02-11T05:54:04.787Z" hostname="Gooners-MacBook-Pro.local" time="0.03">
  <properties/>
  <testcase name="no name given" classname="TwoferTest" time="0.027"/>
  <testcase name="a name given" classname="TwoferTest" time="0.002"/>
  <testcase name="another name given" classname="TwoferTest" time="0.0"/>
  <system-out><![CDATA[]]></system-out>
  <system-err><![CDATA[]]></system-err>
</testsuite>
